<?xml version="1.0" encoding="UTF-8"?>
<testng-results ignored="0" total="3" passed="3" failed="0" skipped="0">
  <reporter-output>
  </reporter-output>
  <suite started-at="2022-05-17T14:32:52 IST" name="Default suite" finished-at="2022-05-17T14:32:52 IST" duration-ms="53">
    <groups>
    </groups>
    <test started-at="2022-05-17T14:32:52 IST" name="Default test" finished-at="2022-05-17T14:32:52 IST" duration-ms="53">
      <class name="com.cg.test.DataProviderExample">
        <test-method signature="loginTest(java.lang.String,java.lang.String)[pri:0, instance:com.cg.test.DataProviderExample@d4342c2]" started-at="2022-05-17T14:32:52 IST" name="loginTest" data-provider="getData" finished-at="2022-05-17T14:32:52 IST" duration-ms="7" status="PASS">
          <params>
            <param index="0">
              <value>
                <![CDATA[sai]]>
              </value>
            </param>
            <param index="1">
              <value>
                <![CDATA[sai@123]]>
              </value>
            </param>
          </params>
          <reporter-output>
          </reporter-output>
        </test-method> <!-- loginTest -->
        <test-method signature="loginTest(java.lang.String,java.lang.String)[pri:0, instance:com.cg.test.DataProviderExample@d4342c2]" started-at="2022-05-17T14:32:52 IST" name="loginTest" data-provider="getData" finished-at="2022-05-17T14:32:52 IST" duration-ms="1" status="PASS">
          <params>
            <param index="0">
              <value>
                <![CDATA[teja]]>
              </value>
            </param>
            <param index="1">
              <value>
                <![CDATA[tej123]]>
              </value>
            </param>
          </params>
          <reporter-output>
          </reporter-output>
        </test-method> <!-- loginTest -->
        <test-method signature="loginTest(java.lang.String,java.lang.String)[pri:0, instance:com.cg.test.DataProviderExample@d4342c2]" started-at="2022-05-17T14:32:52 IST" name="loginTest" data-provider="getData" finished-at="2022-05-17T14:32:52 IST" duration-ms="1" status="PASS">
          <params>
            <param index="0">
              <value>
                <![CDATA[chary]]>
              </value>
            </param>
            <param index="1">
              <value>
                <![CDATA[ch@ry]]>
              </value>
            </param>
          </params>
          <reporter-output>
          </reporter-output>
        </test-method> <!-- loginTest -->
      </class> <!-- com.cg.test.DataProviderExample -->
    </test> <!-- Default test -->
  </suite> <!-- Default suite -->
</testng-results>
