<?xml version="1.0" encoding="UTF-8"?>
<!-- Generated by org.testng.reporters.JUnitXMLReporter -->
<testsuite ignored="0" hostname="LIN51016948" failures="0" tests="3" name="Default test" time="0.053" errors="0" timestamp="2022-05-17T14:32:52 IST">
  <testcase classname="com.cg.test.DataProviderExample" name="loginTest" time="0.007"/>
  <testcase classname="com.cg.test.DataProviderExample" name="loginTest" time="0.001"/>
  <testcase classname="com.cg.test.DataProviderExample" name="loginTest" time="0.001"/>
</testsuite> <!-- Default test -->
