<?xml version="1.0" encoding="UTF-8"?>
<!-- Generated by org.testng.reporters.JUnitXMLReporter -->
<testsuite ignored="0" hostname="LIN51016948" failures="0" tests="5" name="Default test" time="35.364" errors="0" timestamp="2022-05-18T14:56:05 IST">
  <testcase classname="com.cg.DataProviderAssignment" name="fillForm" time="0.697"/>
  <testcase classname="com.cg.DataProviderAssignment" name="fillForm" time="0.638"/>
  <testcase classname="com.cg.DataProviderAssignment" name="fillForm" time="0.806"/>
  <testcase classname="com.cg.DataProviderAssignment" name="fillForm" time="0.766"/>
  <testcase classname="com.cg.DataProviderAssignment" name="fillForm" time="0.684"/>
</testsuite> <!-- Default test -->
