<?xml version="1.0" encoding="UTF-8"?>
<testng-results ignored="0" total="5" passed="5" failed="0" skipped="0">
  <reporter-output>
  </reporter-output>
  <suite started-at="2022-05-18T14:55:30 IST" name="Default suite" finished-at="2022-05-18T14:56:05 IST" duration-ms="35364">
    <groups>
    </groups>
    <test started-at="2022-05-18T14:55:30 IST" name="Default test" finished-at="2022-05-18T14:56:05 IST" duration-ms="35364">
      <class name="com.cg.DataProviderAssignment">
        <test-method is-config="true" signature="init()[pri:0, instance:com.cg.DataProviderAssignment@7722c3c3]" started-at="2022-05-18T14:55:31 IST" name="init" finished-at="2022-05-18T14:55:39 IST" duration-ms="7979" status="PASS">
          <reporter-output>
          </reporter-output>
        </test-method> <!-- init -->
        <test-method signature="fillForm(java.lang.String,java.lang.String,java.lang.String,java.lang.String,java.lang.String,java.lang.String,java.lang.String,java.lang.String)[pri:0, instance:com.cg.DataProviderAssignment@7722c3c3]" started-at="2022-05-18T14:55:39 IST" name="fillForm" data-provider="getData" finished-at="2022-05-18T14:55:40 IST" duration-ms="697" status="PASS">
          <params>
            <param index="0">
              <value>
                <![CDATA[saiteja]]>
              </value>
            </param>
            <param index="1">
              <value>
                <![CDATA[thummalapally]]>
              </value>
            </param>
            <param index="2">
              <value>
                <![CDATA[saiteja@gmail.com]]>
              </value>
            </param>
            <param index="3">
              <value>
                <![CDATA[9063109656]]>
              </value>
            </param>
            <param index="4">
              <value>
                <![CDATA[male]]>
              </value>
            </param>
            <param index="5">
              <value>
                <![CDATA[cricket]]>
              </value>
            </param>
            <param index="6">
              <value>
                <![CDATA[Java]]>
              </value>
            </param>
            <param index="7">
              <value>
                <![CDATA[pune]]>
              </value>
            </param>
          </params>
          <reporter-output>
          </reporter-output>
        </test-method> <!-- fillForm -->
        <test-method is-config="true" signature="tearDown()[pri:0, instance:com.cg.DataProviderAssignment@7722c3c3]" started-at="2022-05-18T14:55:40 IST" name="tearDown" finished-at="2022-05-18T14:55:40 IST" duration-ms="348" status="PASS">
          <reporter-output>
          </reporter-output>
        </test-method> <!-- tearDown -->
        <test-method is-config="true" signature="init()[pri:0, instance:com.cg.DataProviderAssignment@7722c3c3]" started-at="2022-05-18T14:55:40 IST" name="init" finished-at="2022-05-18T14:55:45 IST" duration-ms="4895" status="PASS">
          <reporter-output>
          </reporter-output>
        </test-method> <!-- init -->
        <test-method signature="fillForm(java.lang.String,java.lang.String,java.lang.String,java.lang.String,java.lang.String,java.lang.String,java.lang.String,java.lang.String)[pri:0, instance:com.cg.DataProviderAssignment@7722c3c3]" started-at="2022-05-18T14:55:45 IST" name="fillForm" data-provider="getData" finished-at="2022-05-18T14:55:46 IST" duration-ms="638" status="PASS">
          <params>
            <param index="0">
              <value>
                <![CDATA[prashanth]]>
              </value>
            </param>
            <param index="1">
              <value>
                <![CDATA[varapana]]>
              </value>
            </param>
            <param index="2">
              <value>
                <![CDATA[prashanth@bot.com]]>
              </value>
            </param>
            <param index="3">
              <value>
                <![CDATA[8309635016]]>
              </value>
            </param>
            <param index="4">
              <value>
                <![CDATA[male]]>
              </value>
            </param>
            <param index="5">
              <value>
                <![CDATA[cricket]]>
              </value>
            </param>
            <param index="6">
              <value>
                <![CDATA[Javascript]]>
              </value>
            </param>
            <param index="7">
              <value>
                <![CDATA[talwade]]>
              </value>
            </param>
          </params>
          <reporter-output>
          </reporter-output>
        </test-method> <!-- fillForm -->
        <test-method is-config="true" signature="tearDown()[pri:0, instance:com.cg.DataProviderAssignment@7722c3c3]" started-at="2022-05-18T14:55:46 IST" name="tearDown" finished-at="2022-05-18T14:55:46 IST" duration-ms="313" status="PASS">
          <reporter-output>
          </reporter-output>
        </test-method> <!-- tearDown -->
        <test-method is-config="true" signature="init()[pri:0, instance:com.cg.DataProviderAssignment@7722c3c3]" started-at="2022-05-18T14:55:46 IST" name="init" finished-at="2022-05-18T14:55:51 IST" duration-ms="5284" status="PASS">
          <reporter-output>
          </reporter-output>
        </test-method> <!-- init -->
        <test-method signature="fillForm(java.lang.String,java.lang.String,java.lang.String,java.lang.String,java.lang.String,java.lang.String,java.lang.String,java.lang.String)[pri:0, instance:com.cg.DataProviderAssignment@7722c3c3]" started-at="2022-05-18T14:55:51 IST" name="fillForm" data-provider="getData" finished-at="2022-05-18T14:55:52 IST" duration-ms="806" status="PASS">
          <params>
            <param index="0">
              <value>
                <![CDATA[balu praksh]]>
              </value>
            </param>
            <param index="1">
              <value>
                <![CDATA[pd]]>
              </value>
            </param>
            <param index="2">
              <value>
                <![CDATA[balu@prakash.com]]>
              </value>
            </param>
            <param index="3">
              <value>
                <![CDATA[9654783210]]>
              </value>
            </param>
            <param index="4">
              <value>
                <![CDATA[male]]>
              </value>
            </param>
            <param index="5">
              <value>
                <![CDATA[hockey]]>
              </value>
            </param>
            <param index="6">
              <value>
                <![CDATA[C]]>
              </value>
            </param>
            <param index="7">
              <value>
                <![CDATA[kolkata]]>
              </value>
            </param>
          </params>
          <reporter-output>
          </reporter-output>
        </test-method> <!-- fillForm -->
        <test-method is-config="true" signature="tearDown()[pri:0, instance:com.cg.DataProviderAssignment@7722c3c3]" started-at="2022-05-18T14:55:52 IST" name="tearDown" finished-at="2022-05-18T14:55:53 IST" duration-ms="287" status="PASS">
          <reporter-output>
          </reporter-output>
        </test-method> <!-- tearDown -->
        <test-method is-config="true" signature="init()[pri:0, instance:com.cg.DataProviderAssignment@7722c3c3]" started-at="2022-05-18T14:55:53 IST" name="init" finished-at="2022-05-18T14:55:57 IST" duration-ms="4429" status="PASS">
          <reporter-output>
          </reporter-output>
        </test-method> <!-- init -->
        <test-method signature="fillForm(java.lang.String,java.lang.String,java.lang.String,java.lang.String,java.lang.String,java.lang.String,java.lang.String,java.lang.String)[pri:0, instance:com.cg.DataProviderAssignment@7722c3c3]" started-at="2022-05-18T14:55:57 IST" name="fillForm" data-provider="getData" finished-at="2022-05-18T14:55:58 IST" duration-ms="766" status="PASS">
          <params>
            <param index="0">
              <value>
                <![CDATA[siva reddy]]>
              </value>
            </param>
            <param index="1">
              <value>
                <![CDATA[keesari]]>
              </value>
            </param>
            <param index="2">
              <value>
                <![CDATA[siva@keesari.com]]>
              </value>
            </param>
            <param index="3">
              <value>
                <![CDATA[1234567890]]>
              </value>
            </param>
            <param index="4">
              <value>
                <![CDATA[male]]>
              </value>
            </param>
            <param index="5">
              <value>
                <![CDATA[tennis]]>
              </value>
            </param>
            <param index="6">
              <value>
                <![CDATA[C++]]>
              </value>
            </param>
            <param index="7">
              <value>
                <![CDATA[kolkata]]>
              </value>
            </param>
          </params>
          <reporter-output>
          </reporter-output>
        </test-method> <!-- fillForm -->
        <test-method is-config="true" signature="tearDown()[pri:0, instance:com.cg.DataProviderAssignment@7722c3c3]" started-at="2022-05-18T14:55:58 IST" name="tearDown" finished-at="2022-05-18T14:55:58 IST" duration-ms="318" status="PASS">
          <reporter-output>
          </reporter-output>
        </test-method> <!-- tearDown -->
        <test-method is-config="true" signature="init()[pri:0, instance:com.cg.DataProviderAssignment@7722c3c3]" started-at="2022-05-18T14:55:58 IST" name="init" finished-at="2022-05-18T14:56:04 IST" duration-ms="5938" status="PASS">
          <reporter-output>
          </reporter-output>
        </test-method> <!-- init -->
        <test-method signature="fillForm(java.lang.String,java.lang.String,java.lang.String,java.lang.String,java.lang.String,java.lang.String,java.lang.String,java.lang.String)[pri:0, instance:com.cg.DataProviderAssignment@7722c3c3]" started-at="2022-05-18T14:56:04 IST" name="fillForm" data-provider="getData" finished-at="2022-05-18T14:56:05 IST" duration-ms="684" status="PASS">
          <params>
            <param index="0">
              <value>
                <![CDATA[srujana]]>
              </value>
            </param>
            <param index="1">
              <value>
                <![CDATA[thinnavara]]>
              </value>
            </param>
            <param index="2">
              <value>
                <![CDATA[srujana@thinna.com]]>
              </value>
            </param>
            <param index="3">
              <value>
                <![CDATA[9848022338]]>
              </value>
            </param>
            <param index="4">
              <value>
                <![CDATA[female]]>
              </value>
            </param>
            <param index="5">
              <value>
                <![CDATA[singing]]>
              </value>
            </param>
            <param index="6">
              <value>
                <![CDATA[Android]]>
              </value>
            </param>
            <param index="7">
              <value>
                <![CDATA[hyderabad]]>
              </value>
            </param>
          </params>
          <reporter-output>
          </reporter-output>
        </test-method> <!-- fillForm -->
        <test-method is-config="true" signature="tearDown()[pri:0, instance:com.cg.DataProviderAssignment@7722c3c3]" started-at="2022-05-18T14:56:05 IST" name="tearDown" finished-at="2022-05-18T14:56:05 IST" duration-ms="380" status="PASS">
          <reporter-output>
          </reporter-output>
        </test-method> <!-- tearDown -->
      </class> <!-- com.cg.DataProviderAssignment -->
    </test> <!-- Default test -->
  </suite> <!-- Default suite -->
</testng-results>
