<?xml version="1.0" encoding="UTF-8"?>
<!-- Generated by org.testng.reporters.JUnitXMLReporter -->
<testsuite ignored="0" hostname="LIN51016948" failures="0" tests="7" name="Test" time="0.078" errors="0" timestamp="2022-05-16T17:07:44 IST">
  <testcase classname="com.cg.test.TestProperties" name="googleLogoTest" time="0.004"/>
  <testcase classname="com.cg.test.TestProperties" name="googleTitleTest" time="0.001"/>
  <testcase classname="com.cg.test.TestProperties" name="test2" time="0.001"/>
  <testcase classname="com.cg.test.TestProperties" name="test1" time="0.001"/>
  <testcase classname="com.cg.test.GoogleTest" name="googleLogoTest" time="0.001"/>
  <testcase classname="com.cg.test.GoogleTest" name="googleTitleTest" time="0.001"/>
  <testcase classname="com.cg.test.AnotherTestClass" name="login" time="0.002"/>
</testsuite> <!-- Test -->
